# JRE version: OpenJDK Runtime Environment Temurin-21.0.10+7 (21.0.10+7) (build 21.0.10+7-LTS)
# Java VM: OpenJDK 64-Bit Server VM Temurin-21.0.10+7 (21.0.10+7-LTS, mixed mode, sharing, tiered, compressed oops, compressed class ptrs, parallel gc, windows-amd64)
GC Precious Log:
 CardTable entry size: 512
 CPUs: 12 total, 12 available
 Memory: 5989M
 Large Page Support: Disabled
 NUMA Support: Disabled
 Compressed Oops: Enabled (32-bit)
 Alignments: Space 512K, Generation 512K, Heap 2M
 Heap Min Capacity: 100M
 Heap Initial Capacity: 100M
 Heap Max Capacity: 2G
 Pre-touch: Disabled
 Parallel Workers: 10
Heap:
 PSYoungGen      total 4608K, used 875K [0x00000000d5580000, 0x00000000d5c00000, 0x0000000100000000)
  eden space 4096K, 12% used [0x00000000d5580000,0x00000000d5604da8,0x00000000d5980000)
  from space 512K, 67% used [0x00000000d5b00000,0x00000000d5b56208,0x00000000d5b80000)
  to   space 512K, 0% used [0x00000000d5b80000,0x00000000d5b80000,0x00000000d5c00000)
 ParOldGen       total 168960K, used 168763K [0x0000000080000000, 0x000000008a500000, 0x00000000d5580000)
  object space 168960K, 99% used [0x0000000080000000,0x000000008a4ced90,0x000000008a500000)
 Metaspace       used 66325K, committed 67776K, reserved 1114112K
  class space    used 7083K, committed 7744K, reserved 1048576K
GC Heap History (20 events):
Event: 53.927 GC heap before
{Heap before GC invocations=277 (full 3):
 PSYoungGen      total 4608K, used 4244K [0x00000000d5580000, 0x00000000d5c00000, 0x0000000100000000)
  eden space 4096K, 98% used [0x00000000d5580000,0x00000000d59750d8,0x00000000d5980000)
  from space 512K, 37% used [0x00000000d5b00000,0x00000000d5b30000,0x00000000d5b80000)
  to   space 512K, 0% used [0x00000000d5b80000,0x00000000d5b80000,0x00000000d5c00000)
 ParOldGen       total 167424K, used 167270K [0x0000000080000000, 0x000000008a380000, 0x00000000d5580000)
  object space 167424K, 99% used [0x0000000080000000,0x000000008a359998,0x000000008a380000)
 Metaspace       used 63531K, committed 65024K, reserved 1114112K
  class space    used 6822K, committed 7488K, reserved 1048576K
}
Event: 53.928 GC heap after
{Heap after GC invocations=277 (full 3):
 PSYoungGen      total 4608K, used 256K [0x00000000d5580000, 0x00000000d5c00000, 0x0000000100000000)
  eden space 4096K, 0% used [0x00000000d5580000,0x00000000d5580000,0x00000000d5980000)
  from space 512K, 50% used [0x00000000d5b80000,0x00000000d5bc0000,0x00000000d5c00000)
  to   space 512K, 0% used [0x00000000d5b00000,0x00000000d5b00000,0x00000000d5b80000)
 ParOldGen       total 167424K, used 167398K [0x0000000080000000, 0x000000008a380000, 0x00000000d5580000)
  object space 167424K, 99% used [0x0000000080000000,0x000000008a379998,0x000000008a380000)
 Metaspace       used 63531K, committed 65024K, reserved 1114112K
  class space    used 6822K, committed 7488K, reserved 1048576K
}
Event: 53.982 GC heap before
{Heap before GC invocations=278 (full 3):
 PSYoungGen      total 4608K, used 4345K [0x00000000d5580000, 0x00000000d5c00000, 0x0000000100000000)
  eden space 4096K, 99% used [0x00000000d5580000,0x00000000d597e608,0x00000000d5980000)
  from space 512K, 50% used [0x00000000d5b80000,0x00000000d5bc0000,0x00000000d5c00000)
  to   space 512K, 0% used [0x00000000d5b00000,0x00000000d5b00000,0x00000000d5b80000)
 ParOldGen       total 167424K, used 167398K [0x0000000080000000, 0x000000008a380000, 0x00000000d5580000)
  object space 167424K, 99% used [0x0000000080000000,0x000000008a379998,0x000000008a380000)
 Metaspace       used 63704K, committed 65216K, reserved 1114112K
  class space    used 6843K, committed 7488K, reserved 1048576K
}
Event: 53.984 GC heap after
{Heap after GC invocations=278 (full 3):
 PSYoungGen      total 4608K, used 256K [0x00000000d5580000, 0x00000000d5c00000, 0x0000000100000000)
  eden space 4096K, 0% used [0x00000000d5580000,0x00000000d5580000,0x00000000d5980000)
  from space 512K, 50% used [0x00000000d5b00000,0x00000000d5b40000,0x00000000d5b80000)
  to   space 512K, 0% used [0x00000000d5b80000,0x00000000d5b80000,0x00000000d5c00000)
 ParOldGen       total 167936K, used 167502K [0x0000000080000000, 0x000000008a400000, 0x00000000d5580000)
  object space 167936K, 99% used [0x0000000080000000,0x000000008a393998,0x000000008a400000)
 Metaspace       used 63704K, committed 65216K, reserved 1114112K
  class space    used 6843K, committed 7488K, reserved 1048576K
}
Event: 54.027 GC heap before
{Heap before GC invocations=279 (full 3):
 PSYoungGen      total 4608K, used 4352K [0x00000000d5580000, 0x00000000d5c00000, 0x0000000100000000)
  eden space 4096K, 100% used [0x00000000d5580000,0x00000000d5980000,0x00000000d5980000)
  from space 512K, 50% used [0x00000000d5b00000,0x00000000d5b40000,0x00000000d5b80000)
  to   space 512K, 0% used [0x00000000d5b80000,0x00000000d5b80000,0x00000000d5c00000)
 ParOldGen       total 167936K, used 167502K [0x0000000080000000, 0x000000008a400000, 0x00000000d5580000)
  object space 167936K, 99% used [0x0000000080000000,0x000000008a393998,0x000000008a400000)
 Metaspace       used 63896K, committed 65408K, reserved 1114112K
  class space    used 6863K, committed 7552K, reserved 1048576K
}
Event: 54.028 GC heap after
{Heap after GC invocations=279 (full 3):
 PSYoungGen      total 4608K, used 352K [0x00000000d5580000, 0x00000000d5c00000, 0x0000000100000000)
  eden space 4096K, 0% used [0x00000000d5580000,0x00000000d5580000,0x00000000d5980000)
  from space 512K, 68% used [0x00000000d5b80000,0x00000000d5bd8010,0x00000000d5c00000)
  to   space 512K, 0% used [0x00000000d5b00000,0x00000000d5b00000,0x00000000d5b80000)
 ParOldGen       total 167936K, used 167590K [0x0000000080000000, 0x000000008a400000, 0x00000000d5580000)
  object space 167936K, 99% used [0x0000000080000000,0x000000008a3a9998,0x000000008a400000)
 Metaspace       used 63896K, committed 65408K, reserved 1114112K
  class space    used 6863K, committed 7552K, reserved 1048576K
}
Event: 54.084 GC heap before
{Heap before GC invocations=280 (full 3):
 PSYoungGen      total 4608K, used 4445K [0x00000000d5580000, 0x00000000d5c00000, 0x0000000100000000)
  eden space 4096K, 99% used [0x00000000d5580000,0x00000000d597f438,0x00000000d5980000)
  from space 512K, 68% used [0x00000000d5b80000,0x00000000d5bd8010,0x00000000d5c00000)
  to   space 512K, 0% used [0x00000000d5b00000,0x00000000d5b00000,0x00000000d5b80000)
 ParOldGen       total 167936K, used 167590K [0x0000000080000000, 0x000000008a400000, 0x00000000d5580000)
  object space 167936K, 99% used [0x0000000080000000,0x000000008a3a9998,0x000000008a400000)
 Metaspace       used 64084K, committed 65600K, reserved 1114112K
  class space    used 6886K, committed 7552K, reserved 1048576K
}
Event: 54.085 GC heap after
{Heap after GC invocations=280 (full 3):
 PSYoungGen      total 4608K, used 320K [0x00000000d5580000, 0x00000000d5c00000, 0x0000000100000000)
  eden space 4096K, 0% used [0x00000000d5580000,0x00000000d5580000,0x00000000d5980000)
  from space 512K, 62% used [0x00000000d5b00000,0x00000000d5b50000,0x00000000d5b80000)
  to   space 512K, 0% used [0x00000000d5b80000,0x00000000d5b80000,0x00000000d5c00000)
 ParOldGen       total 167936K, used 167654K [0x0000000080000000, 0x000000008a400000, 0x00000000d5580000)
  object space 167936K, 99% used [0x0000000080000000,0x000000008a3b9998,0x000000008a400000)
 Metaspace       used 64084K, committed 65600K, reserved 1114112K
  class space    used 6886K, committed 7552K, reserved 1048576K
}
Event: 54.164 GC heap before
{Heap before GC invocations=281 (full 3):
 PSYoungGen      total 4608K, used 4399K [0x00000000d5580000, 0x00000000d5c00000, 0x0000000100000000)
  eden space 4096K, 99% used [0x00000000d5580000,0x00000000d597be00,0x00000000d5980000)
  from space 512K, 62% used [0x00000000d5b00000,0x00000000d5b50000,0x00000000d5b80000)
  to   space 512K, 0% used [0x00000000d5b80000,0x00000000d5b80000,0x00000000d5c00000)
 ParOldGen       total 167936K, used 167654K [0x0000000080000000, 0x000000008a400000, 0x00000000d5580000)
  object space 167936K, 99% used [0x0000000080000000,0x000000008a3b9998,0x000000008a400000)
 Metaspace       used 64903K, committed 66432K, reserved 1114112K
  class space    used 6944K, committed 7616K, reserved 1048576K
}
Event: 54.165 GC heap after
{Heap after GC invocations=281 (full 3):
 PSYoungGen      total 4608K, used 320K [0x00000000d5580000, 0x00000000d5c00000, 0x0000000100000000)
  eden space 4096K, 0% used [0x00000000d5580000,0x00000000d5580000,0x00000000d5980000)
  from space 512K, 62% used [0x00000000d5b80000,0x00000000d5bd0000,0x00000000d5c00000)
  to   space 512K, 0% used [0x00000000d5b00000,0x00000000d5b00000,0x00000000d5b80000)
 ParOldGen       total 167936K, used 167766K [0x0000000080000000, 0x000000008a400000, 0x00000000d5580000)
  object space 167936K, 99% used [0x0000000080000000,0x000000008a3d5998,0x000000008a400000)
 Metaspace       used 64903K, committed 66432K, reserved 1114112K
  class space    used 6944K, committed 7616K, reserved 1048576K
}
Event: 54.235 GC heap before
{Heap before GC invocations=282 (full 3):
 PSYoungGen      total 4608K, used 4416K [0x00000000d5580000, 0x00000000d5c00000, 0x0000000100000000)
  eden space 4096K, 100% used [0x00000000d5580000,0x00000000d5980000,0x00000000d5980000)
  from space 512K, 62% used [0x00000000d5b80000,0x00000000d5bd0000,0x00000000d5c00000)
  to   space 512K, 0% used [0x00000000d5b00000,0x00000000d5b00000,0x00000000d5b80000)
 ParOldGen       total 167936K, used 167766K [0x0000000080000000, 0x000000008a400000, 0x00000000d5580000)
  object space 167936K, 99% used [0x0000000080000000,0x000000008a3d5998,0x000000008a400000)
 Metaspace       used 65584K, committed 67008K, reserved 1114112K
  class space    used 6996K, committed 7616K, reserved 1048576K
}
Event: 54.237 GC heap after
{Heap after GC invocations=282 (full 3):
 PSYoungGen      total 4608K, used 416K [0x00000000d5580000, 0x00000000d5c00000, 0x0000000100000000)
  eden space 4096K, 0% used [0x00000000d5580000,0x00000000d5580000,0x00000000d5980000)
  from space 512K, 81% used [0x00000000d5b00000,0x00000000d5b68000,0x00000000d5b80000)
  to   space 512K, 0% used [0x00000000d5b80000,0x00000000d5b80000,0x00000000d5c00000)
 ParOldGen       total 167936K, used 167926K [0x0000000080000000, 0x000000008a400000, 0x00000000d5580000)
  object space 167936K, 99% used [0x0000000080000000,0x000000008a3fd998,0x000000008a400000)
 Metaspace       used 65584K, committed 67008K, reserved 1114112K
  class space    used 6996K, committed 7616K, reserved 1048576K
}
Event: 54.356 GC heap before
{Heap before GC invocations=283 (full 3):
 PSYoungGen      total 4608K, used 4512K [0x00000000d5580000, 0x00000000d5c00000, 0x0000000100000000)
  eden space 4096K, 100% used [0x00000000d5580000,0x00000000d5980000,0x00000000d5980000)
  from space 512K, 81% used [0x00000000d5b00000,0x00000000d5b68000,0x00000000d5b80000)
  to   space 512K, 0% used [0x00000000d5b80000,0x00000000d5b80000,0x00000000d5c00000)
 ParOldGen       total 167936K, used 167926K [0x0000000080000000, 0x000000008a400000, 0x00000000d5580000)
  object space 167936K, 99% used [0x0000000080000000,0x000000008a3fd998,0x000000008a400000)
 Metaspace       used 65924K, committed 67392K, reserved 1114112K
  class space    used 7041K, committed 7680K, reserved 1048576K
}
Event: 54.357 GC heap after
{Heap after GC invocations=283 (full 3):
 PSYoungGen      total 4608K, used 425K [0x00000000d5580000, 0x00000000d5c00000, 0x0000000100000000)
  eden space 4096K, 0% used [0x00000000d5580000,0x00000000d5580000,0x00000000d5980000)
  from space 512K, 83% used [0x00000000d5b80000,0x00000000d5bea4e8,0x00000000d5c00000)
  to   space 512K, 0% used [0x00000000d5b00000,0x00000000d5b00000,0x00000000d5b80000)
 ParOldGen       total 168448K, used 168157K [0x0000000080000000, 0x000000008a480000, 0x00000000d5580000)
  object space 168448K, 99% used [0x0000000080000000,0x000000008a437440,0x000000008a480000)
 Metaspace       used 65924K, committed 67392K, reserved 1114112K
  class space    used 7041K, committed 7680K, reserved 1048576K
}
Event: 54.439 GC heap before
{Heap before GC invocations=284 (full 3):
 PSYoungGen      total 4608K, used 4521K [0x00000000d5580000, 0x00000000d5c00000, 0x0000000100000000)
  eden space 4096K, 100% used [0x00000000d5580000,0x00000000d5980000,0x00000000d5980000)
  from space 512K, 83% used [0x00000000d5b80000,0x00000000d5bea4e8,0x00000000d5c00000)
  to   space 512K, 0% used [0x00000000d5b00000,0x00000000d5b00000,0x00000000d5b80000)
 ParOldGen       total 168448K, used 168157K [0x0000000080000000, 0x000000008a480000, 0x00000000d5580000)
  object space 168448K, 99% used [0x0000000080000000,0x000000008a437440,0x000000008a480000)
 Metaspace       used 66095K, committed 67520K, reserved 1114112K
  class space    used 7062K, committed 7680K, reserved 1048576K
}
Event: 54.441 GC heap after
{Heap after GC invocations=284 (full 3):
 PSYoungGen      total 4608K, used 311K [0x00000000d5580000, 0x00000000d5c00000, 0x0000000100000000)
  eden space 4096K, 0% used [0x00000000d5580000,0x00000000d5580000,0x00000000d5980000)
  from space 512K, 60% used [0x00000000d5b00000,0x00000000d5b4dd90,0x00000000d5b80000)
  to   space 512K, 0% used [0x00000000d5b80000,0x00000000d5b80000,0x00000000d5c00000)
 ParOldGen       total 168448K, used 168398K [0x0000000080000000, 0x000000008a480000, 0x00000000d5580000)
  object space 168448K, 99% used [0x0000000080000000,0x000000008a473928,0x000000008a480000)
 Metaspace       used 66095K, committed 67520K, reserved 1114112K
  class space    used 7062K, committed 7680K, reserved 1048576K
}
Event: 54.622 GC heap before
{Heap before GC invocations=285 (full 3):
 PSYoungGen      total 4608K, used 4407K [0x00000000d5580000, 0x00000000d5c00000, 0x0000000100000000)
  eden space 4096K, 100% used [0x00000000d5580000,0x00000000d5980000,0x00000000d5980000)
  from space 512K, 60% used [0x00000000d5b00000,0x00000000d5b4dd90,0x00000000d5b80000)
  to   space 512K, 0% used [0x00000000d5b80000,0x00000000d5b80000,0x00000000d5c00000)
 ParOldGen       total 168448K, used 168398K [0x0000000080000000, 0x000000008a480000, 0x00000000d5580000)
  object space 168448K, 99% used [0x0000000080000000,0x000000008a473928,0x000000008a480000)
 Metaspace       used 66170K, committed 67712K, reserved 1114112K
  class space    used 7064K, committed 7744K, reserved 1048576K
}
Event: 54.623 GC heap after
{Heap after GC invocations=285 (full 3):
 PSYoungGen      total 4608K, used 427K [0x00000000d5580000, 0x00000000d5c00000, 0x0000000100000000)
  eden space 4096K, 0% used [0x00000000d5580000,0x00000000d5580000,0x00000000d5980000)
  from space 512K, 83% used [0x00000000d5b80000,0x00000000d5beac30,0x00000000d5c00000)
  to   space 512K, 0% used [0x00000000d5b00000,0x00000000d5b00000,0x00000000d5b80000)
 ParOldGen       total 168960K, used 168533K [0x0000000080000000, 0x000000008a500000, 0x00000000d5580000)
  object space 168960K, 99% used [0x0000000080000000,0x000000008a4956b8,0x000000008a500000)
 Metaspace       used 66170K, committed 67712K, reserved 1114112K
  class space    used 7064K, committed 7744K, reserved 1048576K
}
Event: 1015.939 GC heap before
{Heap before GC invocations=286 (full 3):
 PSYoungGen      total 4608K, used 4523K [0x00000000d5580000, 0x00000000d5c00000, 0x0000000100000000)
  eden space 4096K, 99% used [0x00000000d5580000,0x00000000d597fff8,0x00000000d5980000)
  from space 512K, 83% used [0x00000000d5b80000,0x00000000d5beac30,0x00000000d5c00000)
  to   space 512K, 0% used [0x00000000d5b00000,0x00000000d5b00000,0x00000000d5b80000)
 ParOldGen       total 168960K, used 168533K [0x0000000080000000, 0x000000008a500000, 0x00000000d5580000)
  object space 168960K, 99% used [0x0000000080000000,0x000000008a4956b8,0x000000008a500000)
 Metaspace       used 66308K, committed 67776K, reserved 1114112K
  class space    used 7083K, committed 7744K, reserved 1048576K
}
Event: 1016.165 GC heap after
{Heap after GC invocations=286 (full 3):
 PSYoungGen      total 4608K, used 344K [0x00000000d5580000, 0x00000000d5c00000, 0x0000000100000000)
  eden space 4096K, 0% used [0x00000000d5580000,0x00000000d5580000,0x00000000d5980000)
  from space 512K, 67% used [0x00000000d5b00000,0x00000000d5b56208,0x00000000d5b80000)
  to   space 512K, 0% used [0x00000000d5b80000,0x00000000d5b80000,0x00000000d5c00000)
 ParOldGen       total 168960K, used 168763K [0x0000000080000000, 0x000000008a500000, 0x00000000d5580000)
  object space 168960K, 99% used [0x0000000080000000,0x000000008a4ced90,0x000000008a500000)
 Metaspace       used 66308K, committed 67776K, reserved 1114112K
  class space    used 7083K, committed 7744K, reserved 1048576K
}

