# JRE version: OpenJDK Runtime Environment Temurin-17.0.4.1+1 (17.0.4.1+1) (build 17.0.4.1+1)
# Java VM: OpenJDK 64-Bit Server VM Temurin-17.0.4.1+1 (17.0.4.1+1, mixed mode, tiered, compressed oops, compressed class ptrs, parallel gc, windows-amd64)
GC Precious Log:
 CPUs: 12 total, 12 available
 Memory: 5989M
 Large Page Support: Disabled
 NUMA Support: Disabled
 Compressed Oops: Enabled (32-bit)
 Alignments: Space 512K, Generation 512K, Heap 2M
 Heap Min Capacity: 100M
 Heap Initial Capacity: 100M
 Heap Max Capacity: 1G
 Pre-touch: Disabled
 Parallel Workers: 10
Heap:
 PSYoungGen      total 4096K, used 1424K [0x00000000eab00000, 0x00000000ebd00000, 0x0000000100000000)
  eden space 3584K, 25% used [0x00000000eab00000,0x00000000eabe4198,0x00000000eae80000)
  from space 512K, 100% used [0x00000000eb480000,0x00000000eb500000,0x00000000eb500000)
  to   space 6144K, 0% used [0x00000000eae80000,0x00000000eae80000,0x00000000eb480000)
 ParOldGen       total 416256K, used 352595K [0x00000000c0000000, 0x00000000d9680000, 0x00000000eab00000)
  object space 416256K, 84% used [0x00000000c0000000,0x00000000d5854e18,0x00000000d9680000)
 Metaspace       used 89637K, committed 90880K, reserved 1138688K
  class space    used 8586K, committed 9152K, reserved 1048576K
GC Heap History (20 events):
Event: 8599.692 GC heap after
{Heap after GC invocations=4319 (full 188):
 PSYoungGen      total 7168K, used 672K [0x00000000eab00000, 0x00000000eb980000, 0x0000000100000000)
  eden space 6144K, 0% used [0x00000000eab00000,0x00000000eab00000,0x00000000eb100000)
  from space 1024K, 65% used [0x00000000eb880000,0x00000000eb928000,0x00000000eb980000)
  to   space 3072K, 0% used [0x00000000eb380000,0x00000000eb380000,0x00000000eb680000)
 ParOldGen       total 416256K, used 343390K [0x00000000c0000000, 0x00000000d9680000, 0x00000000eab00000)
  object space 416256K, 82% used [0x00000000c0000000,0x00000000d4f57bc0,0x00000000d9680000)
 Metaspace       used 89544K, committed 90816K, reserved 1138688K
  class space    used 8583K, committed 9152K, reserved 1048576K
}
Event: 8600.616 GC heap before
{Heap before GC invocations=4320 (full 188):
 PSYoungGen      total 7168K, used 6296K [0x00000000eab00000, 0x00000000eb980000, 0x0000000100000000)
  eden space 6144K, 91% used [0x00000000eab00000,0x00000000eb07e2c0,0x00000000eb100000)
  from space 1024K, 65% used [0x00000000eb880000,0x00000000eb928000,0x00000000eb980000)
  to   space 3072K, 0% used [0x00000000eb380000,0x00000000eb380000,0x00000000eb680000)
 ParOldGen       total 416256K, used 343390K [0x00000000c0000000, 0x00000000d9680000, 0x00000000eab00000)
  object space 416256K, 82% used [0x00000000c0000000,0x00000000d4f57bc0,0x00000000d9680000)
 Metaspace       used 89561K, committed 90816K, reserved 1138688K
  class space    used 8583K, committed 9152K, reserved 1048576K
}
Event: 8600.644 GC heap after
{Heap after GC invocations=4320 (full 188):
 PSYoungGen      total 9216K, used 704K [0x00000000eab00000, 0x00000000eb900000, 0x0000000100000000)
  eden space 6144K, 0% used [0x00000000eab00000,0x00000000eab00000,0x00000000eb100000)
  from space 3072K, 22% used [0x00000000eb380000,0x00000000eb430000,0x00000000eb680000)
  to   space 1536K, 0% used [0x00000000eb780000,0x00000000eb780000,0x00000000eb900000)
 ParOldGen       total 416256K, used 343398K [0x00000000c0000000, 0x00000000d9680000, 0x00000000eab00000)
  object space 416256K, 82% used [0x00000000c0000000,0x00000000d4f59bc0,0x00000000d9680000)
 Metaspace       used 89561K, committed 90816K, reserved 1138688K
  class space    used 8583K, committed 9152K, reserved 1048576K
}
Event: 8601.209 GC heap before
{Heap before GC invocations=4321 (full 188):
 PSYoungGen      total 9216K, used 6239K [0x00000000eab00000, 0x00000000eb900000, 0x0000000100000000)
  eden space 6144K, 90% used [0x00000000eab00000,0x00000000eb067d30,0x00000000eb100000)
  from space 3072K, 22% used [0x00000000eb380000,0x00000000eb430000,0x00000000eb680000)
  to   space 1536K, 0% used [0x00000000eb780000,0x00000000eb780000,0x00000000eb900000)
 ParOldGen       total 416256K, used 343398K [0x00000000c0000000, 0x00000000d9680000, 0x00000000eab00000)
  object space 416256K, 82% used [0x00000000c0000000,0x00000000d4f59bc0,0x00000000d9680000)
 Metaspace       used 89583K, committed 90816K, reserved 1138688K
  class space    used 8583K, committed 9152K, reserved 1048576K
}
Event: 8601.211 GC heap after
{Heap after GC invocations=4321 (full 188):
 PSYoungGen      total 7168K, used 688K [0x00000000eab00000, 0x00000000eb880000, 0x0000000100000000)
  eden space 6144K, 0% used [0x00000000eab00000,0x00000000eab00000,0x00000000eb100000)
  from space 1024K, 67% used [0x00000000eb780000,0x00000000eb82c028,0x00000000eb880000)
  to   space 1024K, 0% used [0x00000000eb680000,0x00000000eb680000,0x00000000eb780000)
 ParOldGen       total 416256K, used 343406K [0x00000000c0000000, 0x00000000d9680000, 0x00000000eab00000)
  object space 416256K, 82% used [0x00000000c0000000,0x00000000d4f5bbc0,0x00000000d9680000)
 Metaspace       used 89583K, committed 90816K, reserved 1138688K
  class space    used 8583K, committed 9152K, reserved 1048576K
}
Event: 8605.257 GC heap before
{Heap before GC invocations=4322 (full 188):
 PSYoungGen      total 7168K, used 6832K [0x00000000eab00000, 0x00000000eb880000, 0x0000000100000000)
  eden space 6144K, 100% used [0x00000000eab00000,0x00000000eb100000,0x00000000eb100000)
  from space 1024K, 67% used [0x00000000eb780000,0x00000000eb82c028,0x00000000eb880000)
  to   space 1024K, 0% used [0x00000000eb680000,0x00000000eb680000,0x00000000eb780000)
 ParOldGen       total 416256K, used 343406K [0x00000000c0000000, 0x00000000d9680000, 0x00000000eab00000)
  object space 416256K, 82% used [0x00000000c0000000,0x00000000d4f5bbc0,0x00000000d9680000)
 Metaspace       used 89588K, committed 90816K, reserved 1138688K
  class space    used 8583K, committed 9152K, reserved 1048576K
}
Event: 8605.269 GC heap after
{Heap after GC invocations=4322 (full 188):
 PSYoungGen      total 7168K, used 1010K [0x00000000eab00000, 0x00000000eb800000, 0x0000000100000000)
  eden space 6144K, 0% used [0x00000000eab00000,0x00000000eab00000,0x00000000eb100000)
  from space 1024K, 98% used [0x00000000eb680000,0x00000000eb77cb00,0x00000000eb780000)
  to   space 512K, 0% used [0x00000000eb780000,0x00000000eb780000,0x00000000eb800000)
 ParOldGen       total 416256K, used 343454K [0x00000000c0000000, 0x00000000d9680000, 0x00000000eab00000)
  object space 416256K, 82% used [0x00000000c0000000,0x00000000d4f67bc0,0x00000000d9680000)
 Metaspace       used 89588K, committed 90816K, reserved 1138688K
  class space    used 8583K, committed 9152K, reserved 1048576K
}
Event: 8605.627 GC heap before
{Heap before GC invocations=4323 (full 188):
 PSYoungGen      total 7168K, used 6828K [0x00000000eab00000, 0x00000000eb800000, 0x0000000100000000)
  eden space 6144K, 94% used [0x00000000eab00000,0x00000000eb0ae7a8,0x00000000eb100000)
  from space 1024K, 98% used [0x00000000eb680000,0x00000000eb77cb00,0x00000000eb780000)
  to   space 512K, 0% used [0x00000000eb780000,0x00000000eb780000,0x00000000eb800000)
 ParOldGen       total 416256K, used 343454K [0x00000000c0000000, 0x00000000d9680000, 0x00000000eab00000)
  object space 416256K, 82% used [0x00000000c0000000,0x00000000d4f67bc0,0x00000000d9680000)
 Metaspace       used 89588K, committed 90816K, reserved 1138688K
  class space    used 8583K, committed 9152K, reserved 1048576K
}
Event: 8605.632 GC heap after
{Heap after GC invocations=4323 (full 188):
 PSYoungGen      total 6656K, used 512K [0x00000000eab00000, 0x00000000ebc00000, 0x0000000100000000)
  eden space 6144K, 0% used [0x00000000eab00000,0x00000000eab00000,0x00000000eb100000)
  from space 512K, 100% used [0x00000000eb780000,0x00000000eb800000,0x00000000eb800000)
  to   space 5632K, 0% used [0x00000000eb100000,0x00000000eb100000,0x00000000eb680000)
 ParOldGen       total 416256K, used 347546K [0x00000000c0000000, 0x00000000d9680000, 0x00000000eab00000)
  object space 416256K, 83% used [0x00000000c0000000,0x00000000d5366b88,0x00000000d9680000)
 Metaspace       used 89588K, committed 90816K, reserved 1138688K
  class space    used 8583K, committed 9152K, reserved 1048576K
}
Event: 8605.978 GC heap before
{Heap before GC invocations=4324 (full 188):
 PSYoungGen      total 6656K, used 6656K [0x00000000eab00000, 0x00000000ebc00000, 0x0000000100000000)
  eden space 6144K, 100% used [0x00000000eab00000,0x00000000eb100000,0x00000000eb100000)
  from space 512K, 100% used [0x00000000eb780000,0x00000000eb800000,0x00000000eb800000)
  to   space 5632K, 0% used [0x00000000eb100000,0x00000000eb100000,0x00000000eb680000)
 ParOldGen       total 416256K, used 347546K [0x00000000c0000000, 0x00000000d9680000, 0x00000000eab00000)
  object space 416256K, 83% used [0x00000000c0000000,0x00000000d5366b88,0x00000000d9680000)
 Metaspace       used 89588K, committed 90816K, reserved 1138688K
  class space    used 8583K, committed 9152K, reserved 1048576K
}
Event: 8605.981 GC heap after
{Heap after GC invocations=4324 (full 188):
 PSYoungGen      total 7168K, used 704K [0x00000000eab00000, 0x00000000eb800000, 0x0000000100000000)
  eden space 6144K, 0% used [0x00000000eab00000,0x00000000eab00000,0x00000000eb100000)
  from space 1024K, 68% used [0x00000000eb100000,0x00000000eb1b0230,0x00000000eb200000)
  to   space 2560K, 0% used [0x00000000eb580000,0x00000000eb580000,0x00000000eb800000)
 ParOldGen       total 416256K, used 347642K [0x00000000c0000000, 0x00000000d9680000, 0x00000000eab00000)
  object space 416256K, 83% used [0x00000000c0000000,0x00000000d537eb88,0x00000000d9680000)
 Metaspace       used 89588K, committed 90816K, reserved 1138688K
  class space    used 8583K, committed 9152K, reserved 1048576K
}
Event: 8616.377 GC heap before
{Heap before GC invocations=4325 (full 188):
 PSYoungGen      total 7168K, used 6842K [0x00000000eab00000, 0x00000000eb800000, 0x0000000100000000)
  eden space 6144K, 99% used [0x00000000eab00000,0x00000000eb0fe740,0x00000000eb100000)
  from space 1024K, 68% used [0x00000000eb100000,0x00000000eb1b0230,0x00000000eb200000)
  to   space 2560K, 0% used [0x00000000eb580000,0x00000000eb580000,0x00000000eb800000)
 ParOldGen       total 416256K, used 347642K [0x00000000c0000000, 0x00000000d9680000, 0x00000000eab00000)
  object space 416256K, 83% used [0x00000000c0000000,0x00000000d537eb88,0x00000000d9680000)
 Metaspace       used 89588K, committed 90816K, reserved 1138688K
  class space    used 8583K, committed 9152K, reserved 1048576K
}
Event: 8616.429 GC heap after
{Heap after GC invocations=4325 (full 188):
 PSYoungGen      total 7168K, used 752K [0x00000000eab00000, 0x00000000eb680000, 0x0000000100000000)
  eden space 6144K, 0% used [0x00000000eab00000,0x00000000eab00000,0x00000000eb100000)
  from space 1024K, 73% used [0x00000000eb580000,0x00000000eb63c028,0x00000000eb680000)
  to   space 1024K, 0% used [0x00000000eb100000,0x00000000eb100000,0x00000000eb200000)
 ParOldGen       total 416256K, used 347642K [0x00000000c0000000, 0x00000000d9680000, 0x00000000eab00000)
  object space 416256K, 83% used [0x00000000c0000000,0x00000000d537eb88,0x00000000d9680000)
 Metaspace       used 89588K, committed 90816K, reserved 1138688K
  class space    used 8583K, committed 9152K, reserved 1048576K
}
Event: 8619.681 GC heap before
{Heap before GC invocations=4326 (full 188):
 PSYoungGen      total 7168K, used 6896K [0x00000000eab00000, 0x00000000eb680000, 0x0000000100000000)
  eden space 6144K, 100% used [0x00000000eab00000,0x00000000eb100000,0x00000000eb100000)
  from space 1024K, 73% used [0x00000000eb580000,0x00000000eb63c028,0x00000000eb680000)
  to   space 1024K, 0% used [0x00000000eb100000,0x00000000eb100000,0x00000000eb200000)
 ParOldGen       total 416256K, used 347642K [0x00000000c0000000, 0x00000000d9680000, 0x00000000eab00000)
  object space 416256K, 83% used [0x00000000c0000000,0x00000000d537eb88,0x00000000d9680000)
 Metaspace       used 89625K, committed 90880K, reserved 1138688K
  class space    used 8586K, committed 9152K, reserved 1048576K
}
Event: 8619.695 GC heap after
{Heap after GC invocations=4326 (full 188):
 PSYoungGen      total 7168K, used 1008K [0x00000000eab00000, 0x00000000eb600000, 0x0000000100000000)
  eden space 6144K, 0% used [0x00000000eab00000,0x00000000eab00000,0x00000000eb100000)
  from space 1024K, 98% used [0x00000000eb100000,0x00000000eb1fc028,0x00000000eb200000)
  to   space 1536K, 0% used [0x00000000eb480000,0x00000000eb480000,0x00000000eb600000)
 ParOldGen       total 416256K, used 347650K [0x00000000c0000000, 0x00000000d9680000, 0x00000000eab00000)
  object space 416256K, 83% used [0x00000000c0000000,0x00000000d5380b88,0x00000000d9680000)
 Metaspace       used 89625K, committed 90880K, reserved 1138688K
  class space    used 8586K, committed 9152K, reserved 1048576K
}
Event: 8624.638 GC heap before
{Heap before GC invocations=4327 (full 188):
 PSYoungGen      total 7168K, used 7152K [0x00000000eab00000, 0x00000000eb600000, 0x0000000100000000)
  eden space 6144K, 100% used [0x00000000eab00000,0x00000000eb100000,0x00000000eb100000)
  from space 1024K, 98% used [0x00000000eb100000,0x00000000eb1fc028,0x00000000eb200000)
  to   space 1536K, 0% used [0x00000000eb480000,0x00000000eb480000,0x00000000eb600000)
 ParOldGen       total 416256K, used 347650K [0x00000000c0000000, 0x00000000d9680000, 0x00000000eab00000)
  object space 416256K, 83% used [0x00000000c0000000,0x00000000d5380b88,0x00000000d9680000)
 Metaspace       used 89625K, committed 90880K, reserved 1138688K
  class space    used 8586K, committed 9152K, reserved 1048576K
}
Event: 8624.666 GC heap after
{Heap after GC invocations=4327 (full 188):
 PSYoungGen      total 7680K, used 1168K [0x00000000eab00000, 0x00000000eb600000, 0x0000000100000000)
  eden space 6144K, 0% used [0x00000000eab00000,0x00000000eab00000,0x00000000eb100000)
  from space 1536K, 76% used [0x00000000eb480000,0x00000000eb5a4028,0x00000000eb600000)
  to   space 1536K, 0% used [0x00000000eb300000,0x00000000eb300000,0x00000000eb480000)
 ParOldGen       total 416256K, used 347730K [0x00000000c0000000, 0x00000000d9680000, 0x00000000eab00000)
  object space 416256K, 83% used [0x00000000c0000000,0x00000000d5394b88,0x00000000d9680000)
 Metaspace       used 89625K, committed 90880K, reserved 1138688K
  class space    used 8586K, committed 9152K, reserved 1048576K
}
Event: 8625.378 GC heap before
{Heap before GC invocations=4328 (full 188):
 PSYoungGen      total 7680K, used 7312K [0x00000000eab00000, 0x00000000eb600000, 0x0000000100000000)
  eden space 6144K, 100% used [0x00000000eab00000,0x00000000eb100000,0x00000000eb100000)
  from space 1536K, 76% used [0x00000000eb480000,0x00000000eb5a4028,0x00000000eb600000)
  to   space 1536K, 0% used [0x00000000eb300000,0x00000000eb300000,0x00000000eb480000)
 ParOldGen       total 416256K, used 347730K [0x00000000c0000000, 0x00000000d9680000, 0x00000000eab00000)
  object space 416256K, 83% used [0x00000000c0000000,0x00000000d5394b88,0x00000000d9680000)
 Metaspace       used 89625K, committed 90880K, reserved 1138688K
  class space    used 8586K, committed 9152K, reserved 1048576K
}
Event: 8625.382 GC heap after
{Heap after GC invocations=4328 (full 188):
 PSYoungGen      total 7680K, used 1056K [0x00000000eab00000, 0x00000000eb500000, 0x0000000100000000)
  eden space 6144K, 0% used [0x00000000eab00000,0x00000000eab00000,0x00000000eb100000)
  from space 1536K, 68% used [0x00000000eb300000,0x00000000eb408000,0x00000000eb480000)
  to   space 512K, 0% used [0x00000000eb480000,0x00000000eb480000,0x00000000eb500000)
 ParOldGen       total 416256K, used 347730K [0x00000000c0000000, 0x00000000d9680000, 0x00000000eab00000)
  object space 416256K, 83% used [0x00000000c0000000,0x00000000d5394b88,0x00000000d9680000)
 Metaspace       used 89625K, committed 90880K, reserved 1138688K
  class space    used 8586K, committed 9152K, reserved 1048576K
}
Event: 8625.508 GC heap before
{Heap before GC invocations=4329 (full 188):
 PSYoungGen      total 7680K, used 7199K [0x00000000eab00000, 0x00000000eb500000, 0x0000000100000000)
  eden space 6144K, 99% used [0x00000000eab00000,0x00000000eb0fffb8,0x00000000eb100000)
  from space 1536K, 68% used [0x00000000eb300000,0x00000000eb408000,0x00000000eb480000)
  to   space 512K, 0% used [0x00000000eb480000,0x00000000eb480000,0x00000000eb500000)
 ParOldGen       total 416256K, used 347730K [0x00000000c0000000, 0x00000000d9680000, 0x00000000eab00000)
  object space 416256K, 83% used [0x00000000c0000000,0x00000000d5394b88,0x00000000d9680000)
 Metaspace       used 89637K, committed 90880K, reserved 1138688K
  class space    used 8586K, committed 9152K, reserved 1048576K
}

