# JRE version: Java(TM) SE Runtime Environment (17.0.11+7) (build 17.0.11+7-LTS-207)
# Java VM: Java HotSpot(TM) 64-Bit Server VM (17.0.11+7-LTS-207, mixed mode, sharing, tiered, compressed oops, compressed class ptrs, g1 gc, windows-amd64)
GC Precious Log:
 CPUs: 12 total, 12 available
 Memory: 5989M
 Large Page Support: Disabled
 NUMA Support: Disabled
 Compressed Oops: Enabled (32-bit)
 Heap Region Size: 1M
 Heap Min Capacity: 8M
 Heap Initial Capacity: 94M
 Heap Max Capacity: 1498M
 Pre-touch: Disabled
 Parallel Workers: 10
 Concurrent Workers: 3
 Concurrent Refinement Workers: 10
 Periodic GC: Disabled
Heap:
 garbage-first heap   total 96256K, used 23760K [0x00000000a2600000, 0x0000000100000000)
  region size 1024K, 3 young (3072K), 3 survivors (3072K)
 Metaspace       used 20874K, committed 21184K, reserved 1114112K
  class space    used 2363K, committed 2496K, reserved 1048576K
GC Heap History (19 events):
Event: 2.112 GC heap before
{Heap before GC invocations=0 (full 0):
 garbage-first heap   total 96256K, used 23552K [0x00000000a2600000, 0x0000000100000000)
  region size 1024K, 23 young (23552K), 0 survivors (0K)
 Metaspace       used 5380K, committed 5568K, reserved 1114112K
  class space    used 647K, committed 768K, reserved 1048576K
}
Event: 2.124 GC heap after
{Heap after GC invocations=1 (full 0):
 garbage-first heap   total 96256K, used 3728K [0x00000000a2600000, 0x0000000100000000)
  region size 1024K, 3 young (3072K), 3 survivors (3072K)
 Metaspace       used 5380K, committed 5568K, reserved 1114112K
  class space    used 647K, committed 768K, reserved 1048576K
}
Event: 5.786 GC heap before
{Heap before GC invocations=1 (full 0):
 garbage-first heap   total 96256K, used 34448K [0x00000000a2600000, 0x0000000100000000)
  region size 1024K, 33 young (33792K), 3 survivors (3072K)
 Metaspace       used 9312K, committed 9536K, reserved 1114112K
  class space    used 1127K, committed 1216K, reserved 1048576K
}
Event: 5.801 GC heap after
{Heap after GC invocations=2 (full 0):
 garbage-first heap   total 96256K, used 5155K [0x00000000a2600000, 0x0000000100000000)
  region size 1024K, 2 young (2048K), 2 survivors (2048K)
 Metaspace       used 9312K, committed 9536K, reserved 1114112K
  class space    used 1127K, committed 1216K, reserved 1048576K
}
Event: 12.364 GC heap before
{Heap before GC invocations=2 (full 0):
 garbage-first heap   total 96256K, used 60451K [0x00000000a2600000, 0x0000000100000000)
  region size 1024K, 56 young (57344K), 2 survivors (2048K)
 Metaspace       used 15137K, committed 15360K, reserved 1114112K
  class space    used 1811K, committed 1920K, reserved 1048576K
}
Event: 12.392 GC heap after
{Heap after GC invocations=3 (full 0):
 garbage-first heap   total 96256K, used 11154K [0x00000000a2600000, 0x0000000100000000)
  region size 1024K, 7 young (7168K), 7 survivors (7168K)
 Metaspace       used 15137K, committed 15360K, reserved 1114112K
  class space    used 1811K, committed 1920K, reserved 1048576K
}
Event: 15.070 GC heap before
{Heap before GC invocations=3 (full 0):
 garbage-first heap   total 96256K, used 61330K [0x00000000a2600000, 0x0000000100000000)
  region size 1024K, 56 young (57344K), 7 survivors (7168K)
 Metaspace       used 15720K, committed 15936K, reserved 1114112K
  class space    used 1841K, committed 1920K, reserved 1048576K
}
Event: 15.100 GC heap after
{Heap after GC invocations=4 (full 0):
 garbage-first heap   total 96256K, used 16273K [0x00000000a2600000, 0x0000000100000000)
  region size 1024K, 5 young (5120K), 5 survivors (5120K)
 Metaspace       used 15720K, committed 15936K, reserved 1114112K
  class space    used 1841K, committed 1920K, reserved 1048576K
}
Event: 17.843 GC heap before
{Heap before GC invocations=4 (full 0):
 garbage-first heap   total 96256K, used 66449K [0x00000000a2600000, 0x0000000100000000)
  region size 1024K, 54 young (55296K), 5 survivors (5120K)
 Metaspace       used 16074K, committed 16256K, reserved 1114112K
  class space    used 1844K, committed 1920K, reserved 1048576K
}
Event: 17.863 GC heap after
{Heap after GC invocations=5 (full 0):
 garbage-first heap   total 96256K, used 19432K [0x00000000a2600000, 0x0000000100000000)
  region size 1024K, 4 young (4096K), 4 survivors (4096K)
 Metaspace       used 16074K, committed 16256K, reserved 1114112K
  class space    used 1844K, committed 1920K, reserved 1048576K
}
Event: 23.351 GC heap before
{Heap before GC invocations=5 (full 0):
 garbage-first heap   total 96256K, used 69608K [0x00000000a2600000, 0x0000000100000000)
  region size 1024K, 53 young (54272K), 4 survivors (4096K)
 Metaspace       used 17908K, committed 18176K, reserved 1114112K
  class space    used 2039K, committed 2176K, reserved 1048576K
}
Event: 23.376 GC heap after
{Heap after GC invocations=6 (full 0):
 garbage-first heap   total 96256K, used 21667K [0x00000000a2600000, 0x0000000100000000)
  region size 1024K, 6 young (6144K), 6 survivors (6144K)
 Metaspace       used 17908K, committed 18176K, reserved 1114112K
  class space    used 2039K, committed 2176K, reserved 1048576K
}
Event: 25.285 GC heap before
{Heap before GC invocations=6 (full 0):
 garbage-first heap   total 96256K, used 51363K [0x00000000a2600000, 0x0000000100000000)
  region size 1024K, 16 young (16384K), 6 survivors (6144K)
 Metaspace       used 18419K, committed 18752K, reserved 1114112K
  class space    used 2086K, committed 2240K, reserved 1048576K
}
Event: 25.328 GC heap after
{Heap after GC invocations=7 (full 0):
 garbage-first heap   total 96256K, used 43086K [0x00000000a2600000, 0x0000000100000000)
  region size 1024K, 4 young (4096K), 4 survivors (4096K)
 Metaspace       used 18419K, committed 18752K, reserved 1114112K
  class space    used 2086K, committed 2240K, reserved 1048576K
}
Event: 25.540 GC heap before
{Heap before GC invocations=7 (full 0):
 garbage-first heap   total 96256K, used 55374K [0x00000000a2600000, 0x0000000100000000)
  region size 1024K, 5 young (5120K), 4 survivors (4096K)
 Metaspace       used 18433K, committed 18752K, reserved 1114112K
  class space    used 2088K, committed 2240K, reserved 1048576K
}
Event: 25.549 GC heap after
{Heap after GC invocations=8 (full 0):
 garbage-first heap   total 96256K, used 22264K [0x00000000a2600000, 0x0000000100000000)
  region size 1024K, 1 young (1024K), 1 survivors (1024K)
 Metaspace       used 18433K, committed 18752K, reserved 1114112K
  class space    used 2088K, committed 2240K, reserved 1048576K
}
Event: 25.555 GC heap before
{Heap before GC invocations=8 (full 0):
 garbage-first heap   total 96256K, used 42744K [0x00000000a2600000, 0x0000000100000000)
  region size 1024K, 2 young (2048K), 1 survivors (1024K)
 Metaspace       used 18433K, committed 18752K, reserved 1114112K
  class space    used 2088K, committed 2240K, reserved 1048576K
}
Event: 25.559 GC heap after
{Heap after GC invocations=9 (full 0):
 garbage-first heap   total 96256K, used 42677K [0x00000000a2600000, 0x0000000100000000)
  region size 1024K, 1 young (1024K), 1 survivors (1024K)
 Metaspace       used 18433K, committed 18752K, reserved 1114112K
  class space    used 2088K, committed 2240K, reserved 1048576K
}
Event: 37.334 GC heap before
{Heap before GC invocations=9 (full 0):
 garbage-first heap   total 96256K, used 72373K [0x00000000a2600000, 0x0000000100000000)
  region size 1024K, 19 young (19456K), 1 survivors (1024K)
 Metaspace       used 20874K, committed 21184K, reserved 1114112K
  class space    used 2363K, committed 2496K, reserved 1048576K
}

