# JRE version: Java(TM) SE Runtime Environment (17.0.11+7) (build 17.0.11+7-LTS-207)
# Java VM: Java HotSpot(TM) 64-Bit Server VM (17.0.11+7-LTS-207, mixed mode, sharing, tiered, compressed oops, compressed class ptrs, g1 gc, windows-amd64)
GC Precious Log:
 CPUs: 12 total, 12 available
 Memory: 5989M
 Large Page Support: Disabled
 NUMA Support: Disabled
 Compressed Oops: Enabled (32-bit)
 Heap Region Size: 1M
 Heap Min Capacity: 8M
 Heap Initial Capacity: 94M
 Heap Max Capacity: 1498M
 Pre-touch: Disabled
 Parallel Workers: 10
 Concurrent Workers: 3
 Concurrent Refinement Workers: 10
 Periodic GC: Disabled
Heap:
 garbage-first heap   total 315392K, used 84674K [0x00000000a2600000, 0x0000000100000000)
  region size 1024K, 9 young (9216K), 5 survivors (5120K)
 Metaspace       used 32944K, committed 33536K, reserved 1114112K
  class space    used 3661K, committed 3968K, reserved 1048576K
GC Heap History (20 events):
Event: 57.245 GC heap before
{Heap before GC invocations=16 (full 0):
 garbage-first heap   total 111616K, used 88706K [0x00000000a2600000, 0x0000000100000000)
  region size 1024K, 31 young (31744K), 1 survivors (1024K)
 Metaspace       used 30327K, committed 30720K, reserved 1114112K
  class space    used 3414K, committed 3584K, reserved 1048576K
}
Event: 57.258 GC heap after
{Heap after GC invocations=17 (full 0):
 garbage-first heap   total 111616K, used 59077K [0x00000000a2600000, 0x0000000100000000)
  region size 1024K, 2 young (2048K), 2 survivors (2048K)
 Metaspace       used 30327K, committed 30720K, reserved 1114112K
  class space    used 3414K, committed 3584K, reserved 1048576K
}
Event: 57.900 GC heap before
{Heap before GC invocations=17 (full 0):
 garbage-first heap   total 111616K, used 89797K [0x00000000a2600000, 0x0000000100000000)
  region size 1024K, 32 young (32768K), 2 survivors (2048K)
 Metaspace       used 30491K, committed 30848K, reserved 1114112K
  class space    used 3417K, committed 3584K, reserved 1048576K
}
Event: 57.909 GC heap after
{Heap after GC invocations=18 (full 0):
 garbage-first heap   total 111616K, used 59623K [0x00000000a2600000, 0x0000000100000000)
  region size 1024K, 3 young (3072K), 3 survivors (3072K)
 Metaspace       used 30491K, committed 30848K, reserved 1114112K
  class space    used 3417K, committed 3584K, reserved 1048576K
}
Event: 61.755 GC heap before
{Heap before GC invocations=19 (full 0):
 garbage-first heap   total 111616K, used 91367K [0x00000000a2600000, 0x0000000100000000)
  region size 1024K, 34 young (34816K), 3 survivors (3072K)
 Metaspace       used 32260K, committed 32704K, reserved 1114112K
  class space    used 3633K, committed 3840K, reserved 1048576K
}
Event: 61.773 GC heap after
{Heap after GC invocations=20 (full 0):
 garbage-first heap   total 111616K, used 61016K [0x00000000a2600000, 0x0000000100000000)
  region size 1024K, 4 young (4096K), 4 survivors (4096K)
 Metaspace       used 32260K, committed 32704K, reserved 1114112K
  class space    used 3633K, committed 3840K, reserved 1048576K
}
Event: 65.749 GC heap before
{Heap before GC invocations=20 (full 0):
 garbage-first heap   total 111616K, used 74328K [0x00000000a2600000, 0x0000000100000000)
  region size 1024K, 18 young (18432K), 4 survivors (4096K)
 Metaspace       used 32490K, committed 32896K, reserved 1114112K
  class space    used 3652K, committed 3840K, reserved 1048576K
}
Event: 65.775 GC heap after
{Heap after GC invocations=21 (full 0):
 garbage-first heap   total 111616K, used 60595K [0x00000000a2600000, 0x0000000100000000)
  region size 1024K, 4 young (4096K), 4 survivors (4096K)
 Metaspace       used 32490K, committed 32896K, reserved 1114112K
  class space    used 3652K, committed 3840K, reserved 1048576K
}
Event: 68.743 GC heap before
{Heap before GC invocations=22 (full 0):
 garbage-first heap   total 111616K, used 97459K [0x00000000a2600000, 0x0000000100000000)
  region size 1024K, 33 young (33792K), 4 survivors (4096K)
 Metaspace       used 32573K, committed 33024K, reserved 1114112K
  class space    used 3653K, committed 3840K, reserved 1048576K
}
Event: 68.876 GC heap after
{Heap after GC invocations=23 (full 0):
 garbage-first heap   total 157696K, used 77529K [0x00000000a2600000, 0x0000000100000000)
  region size 1024K, 5 young (5120K), 5 survivors (5120K)
 Metaspace       used 32573K, committed 33024K, reserved 1114112K
  class space    used 3653K, committed 3840K, reserved 1048576K
}
Event: 68.941 GC heap before
{Heap before GC invocations=23 (full 0):
 garbage-first heap   total 157696K, used 79577K [0x00000000a2600000, 0x0000000100000000)
  region size 1024K, 7 young (7168K), 5 survivors (5120K)
 Metaspace       used 32573K, committed 33024K, reserved 1114112K
  class space    used 3653K, committed 3840K, reserved 1048576K
}
Event: 68.967 GC heap after
{Heap after GC invocations=24 (full 0):
 garbage-first heap   total 157696K, used 65359K [0x00000000a2600000, 0x0000000100000000)
  region size 1024K, 1 young (1024K), 1 survivors (1024K)
 Metaspace       used 32573K, committed 33024K, reserved 1114112K
  class space    used 3653K, committed 3840K, reserved 1048576K
}
Event: 69.250 GC heap before
{Heap before GC invocations=24 (full 0):
 garbage-first heap   total 157696K, used 72527K [0x00000000a2600000, 0x0000000100000000)
  region size 1024K, 7 young (7168K), 1 survivors (1024K)
 Metaspace       used 32573K, committed 33024K, reserved 1114112K
  class space    used 3653K, committed 3840K, reserved 1048576K
}
Event: 69.264 GC heap after
{Heap after GC invocations=25 (full 0):
 garbage-first heap   total 157696K, used 64928K [0x00000000a2600000, 0x0000000100000000)
  region size 1024K, 1 young (1024K), 1 survivors (1024K)
 Metaspace       used 32573K, committed 33024K, reserved 1114112K
  class space    used 3653K, committed 3840K, reserved 1048576K
}
Event: 71.713 GC heap before
{Heap before GC invocations=25 (full 0):
 garbage-first heap   total 157696K, used 117152K [0x00000000a2600000, 0x0000000100000000)
  region size 1024K, 50 young (51200K), 1 survivors (1024K)
 Metaspace       used 32739K, committed 33152K, reserved 1114112K
  class space    used 3664K, committed 3840K, reserved 1048576K
}
Event: 71.748 GC heap after
{Heap after GC invocations=26 (full 0):
 garbage-first heap   total 157696K, used 81305K [0x00000000a2600000, 0x0000000100000000)
  region size 1024K, 7 young (7168K), 7 survivors (7168K)
 Metaspace       used 32739K, committed 33152K, reserved 1114112K
  class space    used 3664K, committed 3840K, reserved 1048576K
}
Event: 76.093 GC heap before
{Heap before GC invocations=26 (full 0):
 garbage-first heap   total 157696K, used 115097K [0x00000000a2600000, 0x0000000100000000)
  region size 1024K, 41 young (41984K), 7 survivors (7168K)
 Metaspace       used 34007K, committed 34496K, reserved 1114112K
  class space    used 3816K, committed 4032K, reserved 1048576K
}
Event: 76.112 GC heap after
{Heap after GC invocations=27 (full 0):
 garbage-first heap   total 157696K, used 82861K [0x00000000a2600000, 0x0000000100000000)
  region size 1024K, 1 young (1024K), 1 survivors (1024K)
 Metaspace       used 34007K, committed 34496K, reserved 1114112K
  class space    used 3816K, committed 4032K, reserved 1048576K
}
Event: 84.617 GC heap before
{Heap before GC invocations=28 (full 0):
 garbage-first heap   total 157696K, used 118701K [0x00000000a2600000, 0x0000000100000000)
  region size 1024K, 38 young (38912K), 1 survivors (1024K)
 Metaspace       used 32678K, committed 33216K, reserved 1114112K
  class space    used 3632K, committed 3904K, reserved 1048576K
}
Event: 84.667 GC heap after
{Heap after GC invocations=29 (full 0):
 garbage-first heap   total 315392K, used 81602K [0x00000000a2600000, 0x0000000100000000)
  region size 1024K, 5 young (5120K), 5 survivors (5120K)
 Metaspace       used 32678K, committed 33216K, reserved 1114112K
  class space    used 3632K, committed 3904K, reserved 1048576K
}

