# JRE version: Java(TM) SE Runtime Environment (17.0.11+7) (build 17.0.11+7-LTS-207)
# Java VM: Java HotSpot(TM) 64-Bit Server VM (17.0.11+7-LTS-207, mixed mode, sharing, tiered, compressed oops, compressed class ptrs, g1 gc, windows-amd64)
GC Precious Log:
 CPUs: 12 total, 12 available
 Memory: 5989M
 Large Page Support: Disabled
 NUMA Support: Disabled
 Compressed Oops: Enabled (32-bit)
 Heap Region Size: 1M
 Heap Min Capacity: 128M
 Heap Initial Capacity: 128M
 Heap Max Capacity: 384M
 Pre-touch: Disabled
 Parallel Workers: 10
 Concurrent Workers: 3
 Concurrent Refinement Workers: 10
 Periodic GC: Disabled
Heap:
 garbage-first heap   total 131072K, used 32192K [0x00000000e8000000, 0x0000000100000000)
  region size 1024K, 16 young (16384K), 6 survivors (6144K)
 Metaspace       used 22630K, committed 22976K, reserved 1114112K
  class space    used 2528K, committed 2688K, reserved 1048576K
GC Heap History (14 events):
Event: 2.636 GC heap before
{Heap before GC invocations=0 (full 0):
 garbage-first heap   total 131072K, used 23552K [0x00000000e8000000, 0x0000000100000000)
  region size 1024K, 23 young (23552K), 0 survivors (0K)
 Metaspace       used 5378K, committed 5568K, reserved 1114112K
  class space    used 648K, committed 768K, reserved 1048576K
}
Event: 2.649 GC heap after
{Heap after GC invocations=1 (full 0):
 garbage-first heap   total 131072K, used 3720K [0x00000000e8000000, 0x0000000100000000)
  region size 1024K, 3 young (3072K), 3 survivors (3072K)
 Metaspace       used 5378K, committed 5568K, reserved 1114112K
  class space    used 648K, committed 768K, reserved 1048576K
}
Event: 4.182 GC heap before
{Heap before GC invocations=1 (full 0):
 garbage-first heap   total 131072K, used 34440K [0x00000000e8000000, 0x0000000100000000)
  region size 1024K, 33 young (33792K), 3 survivors (3072K)
 Metaspace       used 9369K, committed 9536K, reserved 1114112K
  class space    used 1137K, committed 1216K, reserved 1048576K
}
Event: 4.195 GC heap after
{Heap after GC invocations=2 (full 0):
 garbage-first heap   total 131072K, used 5147K [0x00000000e8000000, 0x0000000100000000)
  region size 1024K, 2 young (2048K), 2 survivors (2048K)
 Metaspace       used 9369K, committed 9536K, reserved 1114112K
  class space    used 1137K, committed 1216K, reserved 1048576K
}
Event: 9.192 GC heap before
{Heap before GC invocations=2 (full 0):
 garbage-first heap   total 131072K, used 80923K [0x00000000e8000000, 0x0000000100000000)
  region size 1024K, 76 young (77824K), 2 survivors (2048K)
 Metaspace       used 15373K, committed 15552K, reserved 1114112K
  class space    used 1835K, committed 1920K, reserved 1048576K
}
Event: 9.219 GC heap after
{Heap after GC invocations=3 (full 0):
 garbage-first heap   total 131072K, used 13385K [0x00000000e8000000, 0x0000000100000000)
  region size 1024K, 10 young (10240K), 10 survivors (10240K)
 Metaspace       used 15373K, committed 15552K, reserved 1114112K
  class space    used 1835K, committed 1920K, reserved 1048576K
}
Event: 11.624 GC heap before
{Heap before GC invocations=3 (full 0):
 garbage-first heap   total 131072K, used 80969K [0x00000000e8000000, 0x0000000100000000)
  region size 1024K, 76 young (77824K), 10 survivors (10240K)
 Metaspace       used 15934K, committed 16128K, reserved 1114112K
  class space    used 1845K, committed 1920K, reserved 1048576K
}
Event: 11.650 GC heap after
{Heap after GC invocations=4 (full 0):
 garbage-first heap   total 131072K, used 18306K [0x00000000e8000000, 0x0000000100000000)
  region size 1024K, 5 young (5120K), 5 survivors (5120K)
 Metaspace       used 15934K, committed 16128K, reserved 1114112K
  class space    used 1845K, committed 1920K, reserved 1048576K
}
Event: 15.020 GC heap before
{Heap before GC invocations=4 (full 0):
 garbage-first heap   total 131072K, used 110466K [0x00000000e8000000, 0x0000000100000000)
  region size 1024K, 76 young (77824K), 5 survivors (5120K)
 Metaspace       used 18367K, committed 18624K, reserved 1114112K
  class space    used 2087K, committed 2240K, reserved 1048576K
}
Event: 15.034 GC heap after
{Heap after GC invocations=5 (full 0):
 garbage-first heap   total 131072K, used 42188K [0x00000000e8000000, 0x0000000100000000)
  region size 1024K, 9 young (9216K), 9 survivors (9216K)
 Metaspace       used 18367K, committed 18624K, reserved 1114112K
  class space    used 2087K, committed 2240K, reserved 1048576K
}
Event: 15.049 GC heap before
{Heap before GC invocations=5 (full 0):
 garbage-first heap   total 131072K, used 62668K [0x00000000e8000000, 0x0000000100000000)
  region size 1024K, 10 young (10240K), 9 survivors (9216K)
 Metaspace       used 18381K, committed 18624K, reserved 1114112K
  class space    used 2089K, committed 2240K, reserved 1048576K
}
Event: 15.063 GC heap after
{Heap after GC invocations=6 (full 0):
 garbage-first heap   total 131072K, used 30088K [0x00000000e8000000, 0x0000000100000000)
  region size 1024K, 5 young (5120K), 5 survivors (5120K)
 Metaspace       used 18381K, committed 18624K, reserved 1114112K
  class space    used 2089K, committed 2240K, reserved 1048576K
}
Event: 17.603 GC heap before
{Heap before GC invocations=6 (full 0):
 garbage-first heap   total 131072K, used 92552K [0x00000000e8000000, 0x0000000100000000)
  region size 1024K, 43 young (44032K), 5 survivors (5120K)
 Metaspace       used 21148K, committed 21504K, reserved 1114112K
  class space    used 2352K, committed 2496K, reserved 1048576K
}
Event: 17.616 GC heap after
{Heap after GC invocations=7 (full 0):
 garbage-first heap   total 131072K, used 22976K [0x00000000e8000000, 0x0000000100000000)
  region size 1024K, 6 young (6144K), 6 survivors (6144K)
 Metaspace       used 21148K, committed 21504K, reserved 1114112K
  class space    used 2352K, committed 2496K, reserved 1048576K
}

